2017-10-18 19:15:28.736 INFO  (main) [   ] o.e.j.s.Server jetty-9.3.14.v20161028
2017-10-18 19:15:28.971 INFO  (main) [   ] o.a.s.s.SolrDispatchFilter  ___      _       Welcome to Apache Solr™ version 7.0.1
2017-10-18 19:15:28.971 INFO  (main) [   ] o.a.s.s.SolrDispatchFilter / __| ___| |_ _   Starting in standalone mode on port 8983
2017-10-18 19:15:28.971 INFO  (main) [   ] o.a.s.s.SolrDispatchFilter \__ \/ _ \ | '_|  Install dir: /home/user/Project/solr-7.0.1, Default config dir: /home/user/Project/solr-7.0.1/server/solr/configsets/_default/conf
2017-10-18 19:15:28.981 INFO  (main) [   ] o.a.s.s.SolrDispatchFilter |___/\___/_|_|    Start time: 2017-10-18T19:15:28.972Z
2017-10-18 19:15:28.982 INFO  (main) [   ] o.a.s.s.StartupLoggingUtils Property solr.log.muteconsole given. Muting ConsoleAppender named CONSOLE
2017-10-18 19:15:28.992 INFO  (main) [   ] o.a.s.c.SolrResourceLoader Using system property solr.solr.home: /home/user/Project/solr-7.0.1/server/solr
2017-10-18 19:15:28.995 INFO  (main) [   ] o.a.s.c.SolrXmlConfig Loading container configuration from /home/user/Project/solr-7.0.1/server/solr/solr.xml
2017-10-18 19:15:29.332 INFO  (main) [   ] o.a.s.c.CorePropertiesLocator Found 0 core definitions underneath /home/user/Project/solr-7.0.1/server/solr
2017-10-18 19:15:29.361 INFO  (main) [   ] o.e.j.s.Server Started @938ms
2017-10-18 19:15:33.728 INFO  (qtp717356484-15) [   ] o.a.s.s.HttpSolrCall [admin] webapp=null path=/admin/info/system params={wt=json} status=0 QTime=23
2017-10-18 19:15:33.754 INFO  (qtp717356484-20) [   ] o.a.s.c.TransientSolrCoreCacheDefault Allocating transient cache for 2147483647 transient cores
2017-10-18 19:15:33.755 INFO  (qtp717356484-20) [   ] o.a.s.s.HttpSolrCall [admin] webapp=null path=/admin/cores params={core=capstone&action=STATUS&wt=json} status=0 QTime=1
2017-10-18 19:15:33.828 INFO  (qtp717356484-19) [   ] o.a.s.h.a.CoreAdminOperation core create command name=capstone&action=CREATE&instanceDir=capstone&wt=json
2017-10-18 19:15:33.884 INFO  (qtp717356484-19) [   x:capstone] o.a.s.c.SolrResourceLoader [capstone] Added 51 libs to classloader, from paths: [/home/user/Project/solr-7.0.1/contrib/clustering/lib, /home/user/Project/solr-7.0.1/contrib/extraction/lib, /home/user/Project/solr-7.0.1/contrib/langid/lib, /home/user/Project/solr-7.0.1/contrib/velocity/lib, /home/user/Project/solr-7.0.1/dist]
2017-10-18 19:15:34.533 INFO  (qtp717356484-19) [   x:capstone] o.a.s.c.SolrConfig Using Lucene MatchVersion: 7.0.1
2017-10-18 19:15:34.688 INFO  (qtp717356484-19) [   x:capstone] o.a.s.s.IndexSchema [capstone] Schema name=default-config
2017-10-18 19:15:35.275 INFO  (qtp717356484-19) [   x:capstone] o.a.s.s.IndexSchema Loaded schema default-config/1.6 with uniqueid field id
2017-10-18 19:15:35.296 INFO  (qtp717356484-19) [   x:capstone] o.a.s.c.CoreContainer Creating SolrCore 'capstone' using configuration from instancedir /home/user/Project/solr-7.0.1/server/solr/capstone, trusted=true
2017-10-18 19:15:35.310 INFO  (qtp717356484-19) [   x:capstone] o.a.s.c.SolrCore solr.RecoveryStrategy.Builder
2017-10-18 19:15:35.323 INFO  (qtp717356484-19) [   x:capstone] o.a.s.c.SolrCore [[capstone] ] Opening new SolrCore at [/home/user/Project/solr-7.0.1/server/solr/capstone], dataDir=[/home/user/Project/solr-7.0.1/server/solr/capstone/data/]
2017-10-18 19:15:35.483 INFO  (qtp717356484-19) [   x:capstone] o.a.s.r.XSLTResponseWriter xsltCacheLifetimeSeconds=5
2017-10-18 19:15:35.860 INFO  (qtp717356484-19) [   x:capstone] o.a.s.u.UpdateHandler Using UpdateLog implementation: org.apache.solr.update.UpdateLog
2017-10-18 19:15:35.861 INFO  (qtp717356484-19) [   x:capstone] o.a.s.u.UpdateLog Initializing UpdateLog: dataDir= defaultSyncLevel=FLUSH numRecordsToKeep=100 maxNumLogsToKeep=10 numVersionBuckets=65536
2017-10-18 19:15:35.867 INFO  (qtp717356484-19) [   x:capstone] o.a.s.u.CommitTracker Hard AutoCommit: if uncommited for 15000ms; 
2017-10-18 19:15:35.867 INFO  (qtp717356484-19) [   x:capstone] o.a.s.u.CommitTracker Soft AutoCommit: disabled
2017-10-18 19:15:35.882 INFO  (qtp717356484-19) [   x:capstone] o.a.s.s.SolrIndexSearcher Opening [Searcher@59ccf5ab[capstone] main]
2017-10-18 19:15:35.891 INFO  (qtp717356484-19) [   x:capstone] o.a.s.r.ManagedResourceStorage File-based storage initialized to use dir: /home/user/Project/solr-7.0.1/server/solr/capstone/conf
2017-10-18 19:15:35.907 INFO  (qtp717356484-19) [   x:capstone] o.a.s.h.c.SpellCheckComponent Initializing spell checkers
2017-10-18 19:15:35.929 INFO  (qtp717356484-19) [   x:capstone] o.a.s.s.DirectSolrSpellChecker init: {name=default,field=_text_,classname=solr.DirectSolrSpellChecker,distanceMeasure=internal,accuracy=0.5,maxEdits=2,minPrefix=1,maxInspections=5,minQueryLength=4,maxQueryFrequency=0.01}
2017-10-18 19:15:35.938 INFO  (qtp717356484-19) [   x:capstone] o.a.s.h.ReplicationHandler Commits will be reserved for  10000
2017-10-18 19:15:36.003 INFO  (searcherExecutor-7-thread-1-processing-x:capstone) [   x:capstone] o.a.s.c.QuerySenderListener QuerySenderListener sending requests to Searcher@59ccf5ab[capstone] main{ExitableDirectoryReader(UninvertingDirectoryReader())}
2017-10-18 19:15:36.004 INFO  (searcherExecutor-7-thread-1-processing-x:capstone) [   x:capstone] o.a.s.c.QuerySenderListener QuerySenderListener done.
2017-10-18 19:15:36.004 INFO  (searcherExecutor-7-thread-1-processing-x:capstone) [   x:capstone] o.a.s.h.c.SpellCheckComponent Loading spell index for spellchecker: default
2017-10-18 19:15:36.007 INFO  (searcherExecutor-7-thread-1-processing-x:capstone) [   x:capstone] o.a.s.c.SolrCore [capstone] Registered new searcher Searcher@59ccf5ab[capstone] main{ExitableDirectoryReader(UninvertingDirectoryReader())}
2017-10-18 19:15:36.023 INFO  (qtp717356484-19) [   x:capstone] o.a.s.u.UpdateLog Could not find max version in index or recent updates, using new clock 1581623946534453248
2017-10-18 19:15:36.028 INFO  (qtp717356484-19) [   x:capstone] o.a.s.s.HttpSolrCall [admin] webapp=null path=/admin/cores params={name=capstone&action=CREATE&instanceDir=capstone&wt=json} status=0 QTime=2200
2017-10-18 19:15:38.593 INFO  (qtp717356484-15) [   ] o.a.s.s.HttpSolrCall [admin] webapp=null path=/admin/cores params={indexInfo=false&wt=json&_=1508354112544} status=0 QTime=1
2017-10-18 19:15:38.599 INFO  (qtp717356484-19) [   ] o.a.s.s.HttpSolrCall [admin] webapp=null path=/admin/info/system params={wt=json&_=1508354112545} status=0 QTime=5
2017-10-18 19:15:38.607 INFO  (qtp717356484-18) [   ] o.a.s.s.HttpSolrCall [admin] webapp=null path=/admin/cores params={wt=json&_=1508354112544} status=0 QTime=3
2017-10-18 19:15:38.702 INFO  (qtp717356484-22) [   ] o.a.s.s.HttpSolrCall [admin] webapp=null path=/admin/cores params={indexInfo=false&wt=json&_=1508354112544} status=0 QTime=0
2017-10-18 19:15:38.708 INFO  (qtp717356484-20) [   ] o.a.s.s.HttpSolrCall [admin] webapp=null path=/admin/info/system params={wt=json&_=1508354112545} status=0 QTime=4
2017-10-18 19:15:38.709 INFO  (qtp717356484-21) [   ] o.a.s.s.HttpSolrCall [admin] webapp=null path=/admin/cores params={wt=json&_=1508354112544} status=0 QTime=0
2017-10-18 19:15:41.035 INFO  (qtp717356484-20) [   ] o.a.s.s.HttpSolrCall [admin] webapp=null path=/admin/cores params={indexInfo=false&wt=json&_=1508354112544} status=0 QTime=0
2017-10-18 19:15:41.046 INFO  (qtp717356484-21) [   ] o.a.s.s.HttpSolrCall [admin] webapp=null path=/admin/info/system params={wt=json&_=1508354112545} status=0 QTime=10
2017-10-18 19:15:41.051 INFO  (qtp717356484-22) [   x:capstone] o.a.s.c.S.Request [capstone]  webapp=/solr path=/admin/luke params={numTerms=0&show=index&wt=json&_=1508354141017} status=0 QTime=2
2017-10-18 19:15:41.051 INFO  (qtp717356484-17) [   x:capstone] o.a.s.c.S.Request [capstone]  webapp=/solr path=/replication params={wt=json&command=details&_=1508354141018} status=0 QTime=2
2017-10-18 19:15:41.055 INFO  (qtp717356484-15) [   x:capstone] o.a.s.c.S.Request [capstone]  webapp=/solr path=/admin/ping params={action=status&wt=json&_=1508354112545&ts=1508354112545} status=503 QTime=4
2017-10-18 19:15:41.057 INFO  (qtp717356484-14) [   x:capstone] o.a.s.c.S.Request [capstone]  webapp=/solr path=/admin/system params={wt=json&_=1508354141017} status=0 QTime=7
2017-10-18 19:17:20.379 INFO  (qtp717356484-17) [   ] o.a.s.s.HttpSolrCall [admin] webapp=null path=/admin/cores params={indexInfo=false&wt=json&_=1508354112544} status=0 QTime=0
2017-10-18 19:17:20.381 INFO  (qtp717356484-19) [   x:capstone] o.a.s.c.S.Request [capstone]  webapp=/solr path=/admin/mbeans params={cat=QUERY&wt=json&_=1508354240342} status=0 QTime=0
2017-10-18 19:17:20.385 INFO  (qtp717356484-22) [   ] o.a.s.s.HttpSolrCall [admin] webapp=null path=/admin/info/system params={wt=json&_=1508354112545} status=0 QTime=5
2017-10-18 19:17:20.463 INFO  (qtp717356484-14) [   ] o.a.s.s.HttpSolrCall [admin] webapp=null path=/admin/cores params={indexInfo=false&wt=json&_=1508354112544} status=0 QTime=0
2017-10-18 19:17:20.465 INFO  (qtp717356484-15) [   x:capstone] o.a.s.c.S.Request [capstone]  webapp=/solr path=/admin/mbeans params={cat=QUERY&wt=json&_=1508354240342} status=0 QTime=0
2017-10-18 19:17:20.469 INFO  (qtp717356484-18) [   ] o.a.s.s.HttpSolrCall [admin] webapp=null path=/admin/info/system params={wt=json&_=1508354112545} status=0 QTime=5
2017-10-18 19:17:22.121 INFO  (qtp717356484-14) [   ] o.a.s.s.HttpSolrCall [admin] webapp=null path=/admin/cores params={indexInfo=false&wt=json&_=1508354112544} status=0 QTime=0
2017-10-18 19:17:22.143 INFO  (qtp717356484-22) [   x:capstone] o.a.s.c.S.Request [capstone]  webapp=/solr path=/admin/luke params={show=schema&wt=json&_=1508354141017} status=0 QTime=16
2017-10-18 19:17:22.143 INFO  (qtp717356484-17) [   ] o.a.s.s.HttpSolrCall [admin] webapp=null path=/admin/info/system params={wt=json&_=1508354112545} status=0 QTime=21
2017-10-18 19:17:25.062 INFO  (qtp717356484-17) [   ] o.a.s.s.HttpSolrCall [admin] webapp=null path=/admin/cores params={indexInfo=false&wt=json&_=1508354112544} status=0 QTime=0
2017-10-18 19:17:25.067 INFO  (qtp717356484-21) [   x:capstone] o.a.s.c.S.Request [capstone]  webapp=/solr path=/admin/luke params={show=schema&wt=json&_=1508354141017} status=0 QTime=2
2017-10-18 19:17:25.070 INFO  (qtp717356484-14) [   ] o.a.s.s.HttpSolrCall [admin] webapp=null path=/admin/info/system params={wt=json&_=1508354112545} status=0 QTime=6
2017-10-18 19:17:27.318 INFO  (qtp717356484-18) [   ] o.a.s.s.HttpSolrCall [admin] webapp=null path=/admin/cores params={indexInfo=false&wt=json&_=1508354112544} status=0 QTime=0
2017-10-18 19:17:27.322 INFO  (qtp717356484-20) [   x:capstone] o.a.s.c.S.Request [capstone]  webapp=/solr path=/admin/file params={wt=json&_=1508354247311} status=0 QTime=1
2017-10-18 19:17:27.326 INFO  (qtp717356484-19) [   ] o.a.s.s.HttpSolrCall [admin] webapp=null path=/admin/info/system params={wt=json&_=1508354112545} status=0 QTime=7
2017-10-18 19:17:27.389 INFO  (qtp717356484-18) [   x:capstone] o.a.s.c.S.Request [capstone]  webapp=/solr path=/admin/file params={file=lang&wt=json&_=1508354247311} status=0 QTime=0
2017-10-18 19:17:30.853 INFO  (qtp717356484-20) [   x:capstone] o.a.s.c.S.Request [capstone]  webapp=/solr path=/admin/ping params={wt=json&_=1508354112545&ts=1508354112545} hits=0 status=0 QTime=35
2017-10-18 19:17:30.853 INFO  (qtp717356484-20) [   x:capstone] o.a.s.c.S.Request [capstone]  webapp=/solr path=/admin/ping params={wt=json&_=1508354112545&ts=1508354112545} status=0 QTime=36
2017-10-18 19:17:32.146 INFO  (qtp717356484-19) [   x:capstone] o.a.s.c.S.Request [capstone]  webapp=/solr path=/admin/ping params={wt=json&_=1508354112545&ts=1508354112545} hits=0 status=0 QTime=1
2017-10-18 19:17:32.146 INFO  (qtp717356484-19) [   x:capstone] o.a.s.c.S.Request [capstone]  webapp=/solr path=/admin/ping params={wt=json&_=1508354112545&ts=1508354112545} status=0 QTime=1
2017-10-18 19:17:33.075 INFO  (qtp717356484-14) [   ] o.a.s.s.HttpSolrCall [admin] webapp=null path=/admin/cores params={indexInfo=false&wt=json&_=1508354112544} status=0 QTime=0
2017-10-18 19:17:33.081 INFO  (qtp717356484-15) [   ] o.a.s.s.HttpSolrCall [admin] webapp=null path=/admin/info/system params={wt=json&_=1508354112545} status=0 QTime=5
2017-10-18 19:17:33.112 INFO  (qtp717356484-14) [   x:capstone] o.a.s.c.S.Request [capstone]  webapp=/solr path=/admin/mbeans params={stats=true&wt=json&_=1508354240342} status=0 QTime=35
2017-10-18 20:29:32.406 INFO  (ShutdownMonitor) [   ] o.a.s.c.CoreContainer Shutting down CoreContainer instance=959869407
2017-10-18 20:29:32.406 INFO  (ShutdownMonitor) [   ] o.a.s.m.SolrMetricManager Closing metric reporters for registry=solr.node, tag=null
2017-10-18 20:29:32.406 INFO  (ShutdownMonitor) [   ] o.a.s.m.SolrMetricManager Closing metric reporters for registry=solr.jvm, tag=null
2017-10-18 20:29:32.406 INFO  (ShutdownMonitor) [   ] o.a.s.m.SolrMetricManager Closing metric reporters for registry=solr.jetty, tag=null
2017-10-18 20:29:32.408 INFO  (coreCloseExecutor-12-thread-1) [   x:capstone] o.a.s.c.SolrCore [capstone]  CLOSING SolrCore org.apache.solr.core.SolrCore@40a601dc
2017-10-18 20:29:32.408 INFO  (coreCloseExecutor-12-thread-1) [   x:capstone] o.a.s.m.SolrMetricManager Closing metric reporters for registry=solr.core.capstone, tag=1084621276
